<?xml version="1.0" encoding="UTF-8"?>
<testsuite name="demo APK testing" tests="1" skipped="0" failures="0" errors="0" timestamp="2022-11-25T17:18:30" hostname="GEMGN-210126" time="9.108">
  <properties/>
  <testcase name="Launch the application" classname="demo APK testing" time="9.108"/>
  <system-out><![CDATA[application lunched successfully
]]></system-out>
  <system-err><![CDATA[[Test worker] INFO io.cucumber.core.plugin.SerenityReporter - Running feature from file:///D:/Mobile_testing/Mobile_automation/src/test/resources/Features/demoAPK.feature
[Test worker] WARN io.cucumber.core.plugin.SerenityReporter - Feature from file:///D:/Mobile_testing/Mobile_automation/src/test/resources/Features/demoAPK.feature is not under the 'features' directory. Requirements report will not be correctly generated!
[Test worker] INFO  - 
  _____   ___   ___   _____     ___   _____     _     ___   _____   ___   ___  
 |_   _| | __| / __| |_   _|   / __| |_   _|   /_\   | _ \ |_   _| | __| |   \ 
   | |   | _|  \__ \   | |     \__ \   | |    / _ \  |   /   | |   | _|  | |) |
   |_|   |___| |___/   |_|     |___/   |_|   /_/ \_\ |_|_\   |_|   |___| |___/ 

Launch the application(demo-apk-testing;launch-the-application)
--------------------------------------------------------------------------------
[Test worker] INFO  - 
  _____   ___   ___   _____     ___     _     ___   ___   ___   ___  
 |_   _| | __| / __| |_   _|   | _ \   /_\   / __| / __| | __| |   \ 
   | |   | _|  \__ \   | |     |  _/  / _ \  \__ \ \__ \ | _|  | |) |
   |_|   |___| |___/   |_|     |_|   /_/ \_\ |___/ |___/ |___| |___/ 

Launch the application
----------------------------------------------------------------------
]]></system-err>
</testsuite>
