<?xml version="1.0" encoding="UTF-8"?>
<testsuite name="Search using Appium Inspector" tests="1" skipped="0" failures="0" errors="0" timestamp="2022-11-25T08:34:01" hostname="GEMGN-200030" time="46.082">
  <properties/>
  <testcase name="check launch of demo application" classname="Search using Appium Inspector" time="46.082"/>
  <system-out><![CDATA[Launching calculator app
]]></system-out>
  <system-err><![CDATA[[Test worker] INFO io.cucumber.core.plugin.SerenityReporter - Running feature from file:///C:/Users/hi.panchal/IdeaProjects/mobile_automation/src/test/resources/features/feature.feature
[Test worker] INFO  - 
  _____   ___   ___   _____     ___   _____     _     ___   _____   ___   ___  
 |_   _| | __| / __| |_   _|   / __| |_   _|   /_\   | _ \ |_   _| | __| |   \ 
   | |   | _|  \__ \   | |     \__ \   | |    / _ \  |   /   | |   | _|  | |) |
   |_|   |___| |___/   |_|     |___/   |_|   /_/ \_\ |_|_\   |_|   |___| |___/ 

check launch of demo application(search-using-appium-inspector;check-launch-of-demo-application)
--------------------------------------------------------------------------------
[Test worker] INFO  - 
  _____   ___   ___   _____     ___     _     ___   ___   ___   ___  
 |_   _| | __| / __| |_   _|   | _ \   /_\   / __| / __| | __| |   \ 
   | |   | _|  \__ \   | |     |  _/  / _ \  \__ \ \__ \ | _|  | |) |
   |_|   |___| |___/   |_|     |_|   /_/ \_\ |___/ |___/ |___| |___/ 

check launch of demo application
----------------------------------------------------------------------
]]></system-err>
</testsuite>
