<?xml version="1.0" encoding="UTF-8"?>
<testsuite name="Demo Application" tests="1" skipped="0" failures="0" errors="0" timestamp="2022-11-27T14:12:39" hostname="GEMGN-210250" time="21.464">
  <properties/>
  <testcase name="Launching Demo Application" classname="Demo Application" time="21.464"/>
  <system-out><![CDATA[Application Launched successfully
Test Completed!!!
Status Checked and Applicaton got Launched!!
]]></system-out>
  <system-err><![CDATA[[Test worker] INFO io.cucumber.core.plugin.SerenityReporter - Running feature from file:///C:/Users/sa.marathe/IdeaProjects/MobileAutomationAppLaunchProject/src/test/resources/features/demoApp.feature
[Test worker] INFO  - 
  _____   ___   ___   _____     ___   _____     _     ___   _____   ___   ___  
 |_   _| | __| / __| |_   _|   / __| |_   _|   /_\   | _ \ |_   _| | __| |   \ 
   | |   | _|  \__ \   | |     \__ \   | |    / _ \  |   /   | |   | _|  | |) |
   |_|   |___| |___/   |_|     |___/   |_|   /_/ \_\ |_|_\   |_|   |___| |___/ 

Launching Demo Application(demo-application;launching-demo-application)
--------------------------------------------------------------------------------
[Test worker] INFO  - 
  _____   ___   ___   _____     ___     _     ___   ___   ___   ___  
 |_   _| | __| / __| |_   _|   | _ \   /_\   / __| / __| | __| |   \ 
   | |   | _|  \__ \   | |     |  _/  / _ \  \__ \ \__ \ | _|  | |) |
   |_|   |___| |___/   |_|     |_|   /_/ \_\ |___/ |___/ |___| |___/ 

Launching Demo Application
----------------------------------------------------------------------
]]></system-err>
</testsuite>
